<?xml version="1.0" encoding="UTF-8" ?>
<testsuite tests="3" failures="0" name="stepDefinitions.TestRunner" time="66.051" errors="1" skipped="0">
  <properties>
[...]
</properties>
  <testcase classname="Login Feature" name="Successful login with valid credentials" time="15.25"/>
  <testcase classname="Login Feature" name="Login Data Driven" time="11.805"/>
  <testcase classname="Login Feature" name="Login Data Driven" time="38.996">
    <error message="Expected condition failed: waiting for title to contain &quot;Dashboard / nopCommerce administration&quot;. Current title: &quot;Your store. Login&quot; (tried for 30 second(s) with 500 milliseconds interval)
Build info: version: &apos;3.141.59&apos;, revision: &apos;e82be7d358&apos;, time: &apos;2018-11-14T08:17:03&apos;
System info: host: &apos;DESKTOP-9IUKI7L&apos;, ip: &apos;192.168.1.189&apos;, os.name: &apos;Windows 10&apos;, os.arch: &apos;amd64&apos;, os.version: &apos;10.0&apos;, java.version: &apos;1.8.0_251&apos;
Driver info: org.openqa.selenium.chrome.ChromeDriver
Capabilities {acceptInsecureCerts: false, browserName: chrome, browserVersion: 84.0.4147.135, chrome: {chromedriverVersion: 84.0.4147.30 (48b3e868b4cc0..., userDataDir: C:\Users\User\AppData\Local...}, goog:chromeOptions: {debuggerAddress: localhost:58021}, javascriptEnabled: true, networkConnectionEnabled: false, pageLoadStrategy: normal, platform: WINDOWS, platformName: WINDOWS, proxy: Proxy(), setWindowRect: true, strictFileInteractability: false, timeouts: {implicit: 0, pageLoad: 300000, script: 30000}, unhandledPromptBehavior: dismiss and notify, webauthn:virtualAuthenticators: true}
Session ID: 08300880f48b41d673ffa28906a6a33b" type="org.openqa.selenium.TimeoutException">org.openqa.selenium.TimeoutException: Expected condition failed: waiting for title to contain &quot;Dashboard / nopCommerce administration&quot;. Current title: &quot;Your store. Login&quot; (tried for 30 second(s) with 500 milliseconds interval)
Build info: version: &apos;3.141.59&apos;, revision: &apos;e82be7d358&apos;, time: &apos;2018-11-14T08:17:03&apos;
System info: host: &apos;DESKTOP-9IUKI7L&apos;, ip: &apos;192.168.1.189&apos;, os.name: &apos;Windows 10&apos;, os.arch: &apos;amd64&apos;, os.version: &apos;10.0&apos;, java.version: &apos;1.8.0_251&apos;
Driver info: org.openqa.selenium.chrome.ChromeDriver
Capabilities {acceptInsecureCerts: false, browserName: chrome, browserVersion: 84.0.4147.135, chrome: {chromedriverVersion: 84.0.4147.30 (48b3e868b4cc0..., userDataDir: C:\Users\User\AppData\Local...}, goog:chromeOptions: {debuggerAddress: localhost:58021}, javascriptEnabled: true, networkConnectionEnabled: false, pageLoadStrategy: normal, platform: WINDOWS, platformName: WINDOWS, proxy: Proxy(), setWindowRect: true, strictFileInteractability: false, timeouts: {implicit: 0, pageLoad: 300000, script: 30000}, unhandledPromptBehavior: dismiss and notify, webauthn:virtualAuthenticators: true}
Session ID: 08300880f48b41d673ffa28906a6a33b
	at org.openqa.selenium.support.ui.WebDriverWait.timeoutException(WebDriverWait.java:95)
	at org.openqa.selenium.support.ui.FluentWait.until(FluentWait.java:272)
	at stepDefinitions.LoginStepDefinition.page_Title_should_be(LoginStepDefinition.java:58)
	at ✽.Page Title should be &quot;Dashboard / nopCommerce administration&quot;(file:///C:/eclipse-workspace/BDDCucumberAutomationFeb2020/src/main/java/Feature/Login.feature:20)
</error>
    <system-out>
Scenario Outline: Login Data Driven                                            # src/main/java/Feature/Login.feature:28
  Given User launches the chrome browser                                       # stepDefinitions.LoginStepDefinition.user_launches_the_chrome_browser()
  When User opens URL &quot;https://admin-demo.nopcommerce.com/login&quot;               # stepDefinitions.LoginStepDefinition.user_opens_URL(java.lang.String)
  And User enters email as &quot;admin123@yourstore.com&quot; and password as &quot;admin123&quot; # stepDefinitions.LoginStepDefinition.user_enters_email_as_and_password_as(java.lang.String,java.lang.String)
  And click on login button                                                    # stepDefinitions.LoginStepDefinition.click_on_login_button()
  Then Page Title should be &quot;Dashboard / nopCommerce administration&quot;           # stepDefinitions.LoginStepDefinition.page_Title_should_be(java.lang.String)
      org.openqa.selenium.TimeoutException: Expected condition failed: waiting for title to contain &quot;Dashboard / nopCommerce administration&quot;. Current title: &quot;Your store. Login&quot; (tried for 30 second(s) with 500 milliseconds interval)
Build info: version: &apos;3.141.59&apos;, revision: &apos;e82be7d358&apos;, time: &apos;2018-11-14T08:17:03&apos;
System info: host: &apos;DESKTOP-9IUKI7L&apos;, ip: &apos;192.168.1.189&apos;, os.name: &apos;Windows 10&apos;, os.arch: &apos;amd64&apos;, os.version: &apos;10.0&apos;, java.version: &apos;1.8.0_251&apos;
Driver info: org.openqa.selenium.chrome.ChromeDriver
Capabilities {acceptInsecureCerts: false, browserName: chrome, browserVersion: 84.0.4147.135, chrome: {chromedriverVersion: 84.0.4147.30 (48b3e868b4cc0..., userDataDir: C:\Users\User\AppData\Local...}, goog:chromeOptions: {debuggerAddress: localhost:58021}, javascriptEnabled: true, networkConnectionEnabled: false, pageLoadStrategy: normal, platform: WINDOWS, platformName: WINDOWS, proxy: Proxy(), setWindowRect: true, strictFileInteractability: false, timeouts: {implicit: 0, pageLoad: 300000, script: 30000}, unhandledPromptBehavior: dismiss and notify, webauthn:virtualAuthenticators: true}
Session ID: 08300880f48b41d673ffa28906a6a33b
	at org.openqa.selenium.support.ui.WebDriverWait.timeoutException(WebDriverWait.java:95)
	at org.openqa.selenium.support.ui.FluentWait.until(FluentWait.java:272)
	at stepDefinitions.LoginStepDefinition.page_Title_should_be(LoginStepDefinition.java:58)
	at ?.Page Title should be &quot;Dashboard / nopCommerce administration&quot;(file:///C:/eclipse-workspace/BDDCucumberAutomationFeb2020/src/main/java/Feature/Login.feature:20)

  When User click on logout link                                               # stepDefinitions.LoginStepDefinition.user_click_on_logout_link()
  Then Page Title should be &quot;Your store. Login&quot;                                # stepDefinitions.LoginStepDefinition.page_Title_should_be(java.lang.String)
  And close the browser                                                        # stepDefinitions.LoginStepDefinition.close_the_browser()
</system-out>
    <system-err>Starting ChromeDriver 84.0.4147.30 (48b3e868b4cc0aa7e8149519690b6f6949e110a8-refs/branch-heads/4147@{#310}) on port 13714
Only local connections are allowed.
Please see https://chromedriver.chromium.org/security-considerations for suggestions on keeping ChromeDriver safe.
ChromeDriver was started successfully.
Aug 26, 2020 7:07:21 PM org.openqa.selenium.remote.ProtocolHandshake createSession
INFO: Detected dialect: W3C
</system-err>
  </testcase>
</testsuite>